Build started 9/8/2013 21:01:24.
     1>Project "C:\Users\kit\Documents\Visual Studio 2010\Projects\CppServer\CppServer\CppServer.vcxproj" on node 2 (build target(s)).
     1>InitializeBuildStatus:
         Creating "Release\CppServer.unsuccessfulbuild" because "AlwaysCreate" was specified.
       ClCompile:
         c:\Program Files (x86)\Microsoft Visual Studio 10.0\VC\bin\CL.exe /c /Zi /nologo /W3 /WX- /O2 /Oi /Oy- /GL /D WIN32 /D NDEBUG /D _WINDOWS /Gm- /EHsc /MT /GS /Gy /fp:precise /Zc:wchar_t /Zc:forScope /Fo"Release\\" /Fd"Release\vc100.pdb" /Gd /TP /analyze- /errorReport:prompt main.cpp
         main.cpp
     1>main.cpp(64): warning C4101: 'hProcess' : unreferenced local variable
     1>main.cpp(74): warning C4101: 'cid' : unreferenced local variable
     1>main.cpp(75): warning C4101: 'oa' : unreferenced local variable
     1>main.cpp(232): warning C4996: 'strcat': This function or variable may be unsafe. Consider using strcat_s instead. To disable deprecation, use _CRT_SECURE_NO_WARNINGS. See online help for details.
                 c:\Program Files (x86)\Microsoft Visual Studio 10.0\VC\include\string.h(110) : see declaration of 'strcat'
       Link:
         c:\Program Files (x86)\Microsoft Visual Studio 10.0\VC\bin\link.exe /ERRORREPORT:PROMPT /OUT:"C:\Users\kit\Documents\Visual Studio 2010\Projects\CppServer\Release\CppServer.exe" /INCREMENTAL:NO /NOLOGO kernel32.lib user32.lib gdi32.lib winspool.lib comdlg32.lib advapi32.lib shell32.lib ole32.lib oleaut32.lib uuid.lib odbc32.lib odbccp32.lib /MANIFEST /ManifestFile:"Release\CppServer.exe.intermediate.manifest" /MANIFESTUAC:"level='asInvoker' uiAccess='false'" /DEBUG /PDB:"C:\Users\kit\Documents\Visual Studio 2010\Projects\CppServer\Release\CppServer.pdb" /SUBSYSTEM:WINDOWS /OPT:REF /OPT:ICF /LTCG /TLBID:1 /DYNAMICBASE /NXCOMPAT /IMPLIB:"C:\Users\kit\Documents\Visual Studio 2010\Projects\CppServer\Release\CppServer.lib" /MACHINE:X86 Release\main.obj
         Generating code
         Finished generating code
         CppServer.vcxproj -> C:\Users\kit\Documents\Visual Studio 2010\Projects\CppServer\Release\CppServer.exe
       Manifest:
         C:\Program Files (x86)\Microsoft SDKs\Windows\v7.0A\bin\mt.exe /nologo /verbose /outputresource:"C:\Users\kit\Documents\Visual Studio 2010\Projects\CppServer\Release\CppServer.exe;#1" /manifest Release\CppServer.exe.intermediate.manifest
       FinalizeBuildStatus:
         Deleting file "Release\CppServer.unsuccessfulbuild".
         Touching "Release\CppServer.lastbuildstate".
     1>Done Building Project "C:\Users\kit\Documents\Visual Studio 2010\Projects\CppServer\CppServer\CppServer.vcxproj" (build target(s)).

Build succeeded.

Time Elapsed 00:00:01.46
